{"level":"info","message":"Crawler started","timestamp":"2026-02-18T23:29:04.727Z"}
{"level":"warn","message":"This is a warning","timestamp":"2026-02-18T23:29:04.735Z"}
{"level":"error","message":"This is an error example","timestamp":"2026-02-18T23:29:04.736Z"}
{"level":"info","message":"Starting crawl process... ","timestamp":"2026-02-19T01:19:08.881Z"}
{"level":"error","message":"Crawl failed Cannot read properties of undefined (reading 'load')","stack":"TypeError: Cannot read properties of undefined (reading 'load')\n    at crawl (C:\\Users\\KENNETH\\Desktop\\realkendo\\ken\\must-company-quest\\src\\shared\\crawler.ts:26:21)\n    at processTicksAndRejections (node:internal/process/task_queues:105:5)\n    at async measureExecutionTime (C:\\Users\\KENNETH\\Desktop\\realkendo\\ken\\must-company-quest\\src\\shared\\timer.ts:11:18)\n    at async runCrawler (C:\\Users\\KENNETH\\Desktop\\realkendo\\ken\\must-company-quest\\src\\quest4-linux-crawler\\index.ts:33:36)","timestamp":"2026-02-19T01:19:10.141Z"}
{"level":"info","message":"Starting crawl process... ","timestamp":"2026-02-19T01:29:17.177Z"}
{"level":"error","message":"Crawl failed Cannot read properties of undefined (reading 'load')","stack":"TypeError: Cannot read properties of undefined (reading 'load')\n    at crawl (C:\\Users\\KENNETH\\Desktop\\realkendo\\ken\\must-company-quest\\src\\shared\\crawler.ts:26:21)\n    at processTicksAndRejections (node:internal/process/task_queues:105:5)\n    at async measureExecutionTime (C:\\Users\\KENNETH\\Desktop\\realkendo\\ken\\must-company-quest\\src\\shared\\timer.ts:11:18)\n    at async runCrawler (C:\\Users\\KENNETH\\Desktop\\realkendo\\ken\\must-company-quest\\src\\quest4-linux-crawler\\index.ts:34:36)","timestamp":"2026-02-19T01:29:22.443Z"}
{"level":"info","message":"Starting crawl process... ","timestamp":"2026-02-19T01:44:29.685Z"}
{"level":"info","message":"Crawl competed in 1637 ms","timestamp":"2026-02-19T01:44:31.352Z"}
{"level":"info","message":"Data saved to: C:\\Users\\KENNETH\\Desktop\\realkendo\\ken\\must-company-quest\\data\\crawl-1771465471355.json","timestamp":"2026-02-19T01:44:31.378Z"}
{"level":"info","message":"Starting crawl process... ","timestamp":"2026-02-19T01:48:38.269Z"}
{"level":"info","message":"Crawl competed in 3238 ms","timestamp":"2026-02-19T01:48:41.516Z"}
{"level":"info","message":"Data saved to: C:\\Users\\KENNETH\\Desktop\\realkendo\\ken\\must-company-quest\\data\\crawl-1771465721518.json","timestamp":"2026-02-19T01:48:41.523Z"}
{"level":"info","message":"Starting crawl process...","timestamp":"2026-02-19T11:53:10.887Z"}
{"level":"info","message":"Fetching login page...","timestamp":"2026-02-19T11:53:10.892Z"}
{"level":"info","message":"CSRF token extracted","timestamp":"2026-02-19T11:53:11.695Z"}
{"level":"info","message":"Login successful","timestamp":"2026-02-19T11:53:12.750Z"}
{"level":"info","message":"Data saved to: C:\\Users\\KENNETH\\Desktop\\realkendo\\ken\\must-company-quest\\data\\crawl-1771501993348.json","timestamp":"2026-02-19T11:53:13.356Z"}
{"level":"info","message":"Starting crawl process...","timestamp":"2026-02-19T12:32:41.321Z"}
{"level":"info","message":"Fetching login page...","timestamp":"2026-02-19T12:32:41.326Z"}
{"level":"info","message":"Attempt 1...","timestamp":"2026-02-19T12:32:41.327Z"}
{"level":"info","message":"CSRF token extracted","timestamp":"2026-02-19T12:32:42.161Z"}
{"level":"info","message":"Attempt 1...","timestamp":"2026-02-19T12:32:42.162Z"}
{"level":"info","message":"Login successful","timestamp":"2026-02-19T12:32:43.197Z"}
{"level":"info","message":"Attempt 1...","timestamp":"2026-02-19T12:32:43.198Z"}
{"level":"warn","message":"Attempt 1 failed: Request failed with status code 404","timestamp":"2026-02-19T12:32:43.822Z"}
{"level":"info","message":"Attempt 2...","timestamp":"2026-02-19T12:32:45.911Z"}
{"level":"warn","message":"Attempt 2 failed: Request failed with status code 404","timestamp":"2026-02-19T12:32:46.391Z"}
{"level":"info","message":"Attempt 3...","timestamp":"2026-02-19T12:32:48.406Z"}
{"level":"warn","message":"Attempt 3 failed: Request failed with status code 404","timestamp":"2026-02-19T12:32:48.867Z"}
{"level":"error","message":"Max retry attempts reached.","timestamp":"2026-02-19T12:32:48.867Z"}
{"level":"error","message":"Crawl failed: Request failed with status code 404","timestamp":"2026-02-19T12:32:48.867Z"}
