Cron triggered at Fri Feb 20 01:20:14 WAT 2026

> must-company-quest@1.0.0 dev:quest4
> ts-node src/quest4-linux-crawler/index.ts

2026-02-20T00:20:32.512Z [info]: Starting crawl process...
2026-02-20T00:20:32.515Z [info]: Fetching login page...
2026-02-20T00:20:32.516Z [info]: Attempt 1...
2026-02-20T00:20:33.199Z [info]: CSRF token extracted
2026-02-20T00:20:33.201Z [info]: Attempt 1...
2026-02-20T00:20:34.388Z [info]: Login successful
2026-02-20T00:20:34.389Z [info]: Attempt 1...
2026-02-20T00:20:34.933Z [info]: Data saved to: /mnt/c/Users/KENNETH/desktop/realkendo/ken/must-company-quest/data/crawl-1771546834927.json
Cron triggered at Fri Feb 20 01:25:04 WAT 2026

> must-company-quest@1.0.0 dev:quest4
> ts-node src/quest4-linux-crawler/index.ts

2026-02-20T00:25:27.127Z [info]: Starting crawl process...
2026-02-20T00:25:27.131Z [info]: Fetching login page...
2026-02-20T00:25:27.132Z [info]: Attempt 1...
2026-02-20T00:25:27.852Z [info]: CSRF token extracted
2026-02-20T00:25:27.855Z [info]: Attempt 1...
2026-02-20T00:25:29.053Z [info]: Login successful
2026-02-20T00:25:29.054Z [info]: Attempt 1...
2026-02-20T00:25:31.189Z [info]: Data saved to: /mnt/c/Users/KENNETH/desktop/realkendo/ken/must-company-quest/data/crawl-1771547131181.json
Cron triggered at Fri Feb 20 01:26:01 WAT 2026

> must-company-quest@1.0.0 dev:quest4
> ts-node src/quest4-linux-crawler/index.ts

2026-02-20T00:26:48.615Z [info]: Starting crawl process...
2026-02-20T00:26:48.623Z [info]: Fetching login page...
2026-02-20T00:26:48.626Z [info]: Attempt 1...
2026-02-20T00:26:49.602Z [info]: CSRF token extracted
2026-02-20T00:26:49.604Z [info]: Attempt 1...
2026-02-20T00:26:50.707Z [info]: Login successful
2026-02-20T00:26:50.712Z [info]: Attempt 1...
2026-02-20T00:26:51.519Z [info]: Data saved to: /mnt/c/Users/KENNETH/desktop/realkendo/ken/must-company-quest/data/crawl-1771547211503.json
Cron triggered at Fri Feb 20 01:27:01 WAT 2026

> must-company-quest@1.0.0 dev:quest4
> ts-node src/quest4-linux-crawler/index.ts

2026-02-20T00:27:41.386Z [info]: Starting crawl process...
2026-02-20T00:27:41.391Z [info]: Fetching login page...
2026-02-20T00:27:41.393Z [info]: Attempt 1...
2026-02-20T00:27:42.344Z [info]: CSRF token extracted
2026-02-20T00:27:42.347Z [info]: Attempt 1...
2026-02-20T00:27:43.521Z [info]: Login successful
2026-02-20T00:27:43.523Z [info]: Attempt 1...
2026-02-20T00:27:45.433Z [info]: Data saved to: /mnt/c/Users/KENNETH/desktop/realkendo/ken/must-company-quest/data/crawl-1771547265421.json
Cron triggered at Fri Feb 20 01:28:01 WAT 2026

> must-company-quest@1.0.0 dev:quest4
> ts-node src/quest4-linux-crawler/index.ts

2026-02-20T00:28:25.861Z [info]: Starting crawl process...
2026-02-20T00:28:25.864Z [info]: Fetching login page...
2026-02-20T00:28:25.865Z [info]: Attempt 1...
2026-02-20T00:28:26.646Z [info]: CSRF token extracted
2026-02-20T00:28:26.713Z [info]: Attempt 1...
2026-02-20T00:28:27.813Z [info]: Login successful
2026-02-20T00:28:27.815Z [info]: Attempt 1...
2026-02-20T00:28:28.369Z [info]: Data saved to: /mnt/c/Users/KENNETH/desktop/realkendo/ken/must-company-quest/data/crawl-1771547308362.json
Cron triggered at Fri Feb 20 01:29:02 WAT 2026

> must-company-quest@1.0.0 dev:quest4
> ts-node src/quest4-linux-crawler/index.ts

2026-02-20T00:29:43.123Z [info]: Starting crawl process...
2026-02-20T00:29:43.128Z [info]: Fetching login page...
2026-02-20T00:29:43.130Z [info]: Attempt 1...
2026-02-20T00:29:43.916Z [info]: CSRF token extracted
2026-02-20T00:29:43.923Z [info]: Attempt 1...
2026-02-20T00:29:45.044Z [info]: Login successful
2026-02-20T00:29:45.050Z [info]: Attempt 1...
2026-02-20T00:29:45.669Z [info]: Data saved to: /mnt/c/Users/KENNETH/desktop/realkendo/ken/must-company-quest/data/crawl-1771547385658.json
Cron triggered at Fri Feb 20 01:30:03 WAT 2026

> must-company-quest@1.0.0 dev:quest4
> ts-node src/quest4-linux-crawler/index.ts

2026-02-20T00:30:28.812Z [info]: Starting crawl process...
2026-02-20T00:30:28.816Z [info]: Fetching login page...
2026-02-20T00:30:28.817Z [info]: Attempt 1...
2026-02-20T00:30:29.758Z [info]: CSRF token extracted
2026-02-20T00:30:29.761Z [info]: Attempt 1...
2026-02-20T00:30:30.867Z [info]: Login successful
2026-02-20T00:30:30.869Z [info]: Attempt 1...
2026-02-20T00:30:31.542Z [info]: Data saved to: /mnt/c/Users/KENNETH/desktop/realkendo/ken/must-company-quest/data/crawl-1771547431534.json
Cron triggered at Fri Feb 20 01:31:02 WAT 2026

> must-company-quest@1.0.0 dev:quest4
> ts-node src/quest4-linux-crawler/index.ts

2026-02-20T00:31:29.225Z [info]: Starting crawl process...
2026-02-20T00:31:29.229Z [info]: Fetching login page...
2026-02-20T00:31:29.230Z [info]: Attempt 1...
2026-02-20T00:31:29.989Z [info]: CSRF token extracted
2026-02-20T00:31:29.990Z [info]: Attempt 1...
2026-02-20T00:31:31.021Z [info]: Login successful
2026-02-20T00:31:31.021Z [info]: Attempt 1...
2026-02-20T00:31:31.669Z [info]: Data saved to: /mnt/c/Users/KENNETH/desktop/realkendo/ken/must-company-quest/data/crawl-1771547491661.json
Cron triggered at Fri Feb 20 01:32:03 WAT 2026

> must-company-quest@1.0.0 dev:quest4
> ts-node src/quest4-linux-crawler/index.ts

2026-02-20T00:32:29.556Z [info]: Starting crawl process...
2026-02-20T00:32:29.563Z [info]: Fetching login page...
2026-02-20T00:32:29.565Z [info]: Attempt 1...
2026-02-20T00:32:30.318Z [info]: CSRF token extracted
2026-02-20T00:32:30.320Z [info]: Attempt 1...
2026-02-20T00:32:31.475Z [info]: Login successful
2026-02-20T00:32:31.476Z [info]: Attempt 1...
2026-02-20T00:32:32.081Z [info]: Data saved to: /mnt/c/Users/KENNETH/desktop/realkendo/ken/must-company-quest/data/crawl-1771547552064.json
Cron triggered at Fri Feb 20 01:33:02 WAT 2026

> must-company-quest@1.0.0 dev:quest4
> ts-node src/quest4-linux-crawler/index.ts

2026-02-20T00:33:24.875Z [info]: Starting crawl process...
2026-02-20T00:33:24.878Z [info]: Fetching login page...
2026-02-20T00:33:24.879Z [info]: Attempt 1...
2026-02-20T00:33:25.710Z [info]: CSRF token extracted
2026-02-20T00:33:25.713Z [info]: Attempt 1...
2026-02-20T00:33:26.833Z [info]: Login successful
2026-02-20T00:33:26.835Z [info]: Attempt 1...
2026-02-20T00:33:27.446Z [info]: Data saved to: /mnt/c/Users/KENNETH/desktop/realkendo/ken/must-company-quest/data/crawl-1771547607430.json
Cron triggered at Fri Feb 20 01:34:03 WAT 2026

> must-company-quest@1.0.0 dev:quest4
> ts-node src/quest4-linux-crawler/index.ts

2026-02-20T00:34:33.309Z [info]: Starting crawl process...
2026-02-20T00:34:33.314Z [info]: Fetching login page...
2026-02-20T00:34:33.315Z [info]: Attempt 1...
2026-02-20T00:34:33.936Z [info]: CSRF token extracted
2026-02-20T00:34:33.937Z [info]: Attempt 1...
2026-02-20T00:34:35.106Z [info]: Login successful
2026-02-20T00:34:35.107Z [info]: Attempt 1...
2026-02-20T00:34:35.665Z [info]: Data saved to: /mnt/c/Users/KENNETH/desktop/realkendo/ken/must-company-quest/data/crawl-1771547675658.json
Cron triggered at Fri Feb 20 01:35:03 WAT 2026

> must-company-quest@1.0.0 dev:quest4
> ts-node src/quest4-linux-crawler/index.ts

2026-02-20T00:35:24.026Z [info]: Starting crawl process...
2026-02-20T00:35:24.030Z [info]: Fetching login page...
2026-02-20T00:35:24.031Z [info]: Attempt 1...
2026-02-20T00:35:24.676Z [info]: CSRF token extracted
2026-02-20T00:35:24.677Z [info]: Attempt 1...
2026-02-20T00:35:25.714Z [info]: Login successful
2026-02-20T00:35:25.715Z [info]: Attempt 1...
2026-02-20T00:35:26.348Z [info]: Data saved to: /mnt/c/Users/KENNETH/desktop/realkendo/ken/must-company-quest/data/crawl-1771547726340.json
Cron triggered at Fri Feb 20 01:36:02 WAT 2026

> must-company-quest@1.0.0 dev:quest4
> ts-node src/quest4-linux-crawler/index.ts

2026-02-20T00:36:25.421Z [info]: Starting crawl process...
2026-02-20T00:36:25.425Z [info]: Fetching login page...
2026-02-20T00:36:25.426Z [info]: Attempt 1...
2026-02-20T00:36:26.288Z [info]: CSRF token extracted
2026-02-20T00:36:26.290Z [info]: Attempt 1...
2026-02-20T00:36:27.408Z [info]: Login successful
2026-02-20T00:36:27.412Z [info]: Attempt 1...
2026-02-20T00:36:27.996Z [info]: Data saved to: /mnt/c/Users/KENNETH/desktop/realkendo/ken/must-company-quest/data/crawl-1771547787987.json
Cron triggered at Fri Feb 20 01:37:02 WAT 2026

> must-company-quest@1.0.0 dev:quest4
> ts-node src/quest4-linux-crawler/index.ts

2026-02-20T00:37:25.097Z [info]: Starting crawl process...
2026-02-20T00:37:25.100Z [info]: Fetching login page...
2026-02-20T00:37:25.102Z [info]: Attempt 1...
2026-02-20T00:37:25.757Z [info]: CSRF token extracted
2026-02-20T00:37:25.761Z [info]: Attempt 1...
2026-02-20T00:37:27.004Z [info]: Login successful
2026-02-20T00:37:27.005Z [info]: Attempt 1...
2026-02-20T00:37:27.594Z [info]: Data saved to: /mnt/c/Users/KENNETH/desktop/realkendo/ken/must-company-quest/data/crawl-1771547847585.json
